[2024-04-10 19:44:44,056] base.py->findelement line:18 [INFO]通过xpath定位,元素是//input[@placeholder='账号']
[2024-04-10 19:44:44,110] base.py->findelement line:18 [INFO]通过xpath定位,元素是//input[@placeholder='密码']
[2024-04-10 19:44:44,159] base.py->findelement line:18 [INFO]通过xpath定位,元素是//input[@placeholder='验证码']
[2024-04-10 19:44:49,198] base.py->findelement line:18 [INFO]通过xpath定位,元素是//span[text()='登录']/ancestor::button
[2024-04-10 19:44:52,233] base.py->findelement line:18 [INFO]通过xpath定位,元素是//*[@id='app']/div/div[1]/div[3]/div/div[2]
[2024-04-10 19:44:52,250] base.py->findelement line:18 [INFO]通过xpath定位,元素是//a[@href='#/course']
[2024-04-10 19:44:52,250] base.py->findelement line:18 [INFO]通过xpath定位,元素是//a[@href='#/course']
[2024-04-10 19:44:52,310] base.py->findelement line:18 [INFO]通过xpath定位,元素是//span[text()='添加课程']/parent::button
[2024-04-10 19:44:52,310] base.py->findelement line:18 [INFO]通过xpath定位,元素是//span[text()='添加课程']/parent::button
[2024-04-10 19:44:52,878] base.py->findelement line:18 [INFO]通过xpath定位,元素是//div/following-sibling::div/form/descendant::input[@placeholder='请选择课程学科']
[2024-04-10 19:44:52,878] base.py->findelement line:18 [INFO]通过xpath定位,元素是//div/following-sibling::div/form/descendant::input[@placeholder='请选择课程学科']
[2024-04-10 19:44:53,917] base.py->findelement line:18 [INFO]通过xpath定位,元素是//body/div/div/div/ul/li/span[text()='Python']/parent::li
[2024-04-10 19:44:53,917] base.py->findelement line:18 [INFO]通过xpath定位,元素是//body/div/div/div/ul/li/span[text()='Python']/parent::li
[2024-04-10 19:44:53,953] base.py->findelement line:18 [INFO]通过xpath定位,元素是//div/following-sibling::div/form/div[2]/descendant::input
[2024-04-10 19:44:53,953] base.py->findelement line:18 [INFO]通过xpath定位,元素是//div/following-sibling::div/form/div[2]/descendant::input
[2024-04-10 19:44:53,999] base.py->findelement line:18 [INFO]通过xpath定位,元素是//input[@placeholder='请选择适应人群']
[2024-04-10 19:44:53,999] base.py->findelement line:18 [INFO]通过xpath定位,元素是//input[@placeholder='请选择适应人群']
[2024-04-10 19:44:56,035] base.py->findelement line:18 [INFO]通过xpath定位,元素是//body/div/div/div/ul/li/span[text()='小白学员']/parent::li
[2024-04-10 19:44:56,035] base.py->findelement line:18 [INFO]通过xpath定位,元素是//body/div/div/div/ul/li/span[text()='小白学员']/parent::li
[2024-04-10 19:44:56,067] base.py->findelement line:18 [INFO]通过xpath定位,元素是//input[@placeholder='请输入课程价格']
[2024-04-10 19:44:56,067] base.py->findelement line:18 [INFO]通过xpath定位,元素是//input[@placeholder='请输入课程价格']
[2024-04-10 19:44:56,104] base.py->findelement line:18 [INFO]通过xpath定位,元素是//textarea[@placeholder='请输入课程介绍']
[2024-04-10 19:44:56,104] base.py->findelement line:18 [INFO]通过xpath定位,元素是//textarea[@placeholder='请输入课程介绍']
[2024-04-10 19:44:56,147] base.py->findelement line:18 [INFO]通过xpath定位,元素是//span[text()='确 定']/parent::button
[2024-04-10 19:44:56,147] base.py->findelement line:18 [INFO]通过xpath定位,元素是//span[text()='确 定']/parent::button
[2024-04-10 19:44:56,179] base.py->findelement line:18 [INFO]通过xpath定位,元素是//div[@role='alert']/p
[2024-04-10 19:44:56,179] base.py->findelement line:18 [INFO]通过xpath定位,元素是//div[@role='alert']/p
[2024-04-10 19:44:56,458] base.py->findelement line:18 [INFO]通过xpath定位,元素是//a[@href='#/course']
[2024-04-10 19:44:56,458] base.py->findelement line:18 [INFO]通过xpath定位,元素是//a[@href='#/course']
[2024-04-10 19:44:56,458] base.py->findelement line:18 [INFO]通过xpath定位,元素是//a[@href='#/course']
[2024-04-10 19:44:56,698] base.py->findelement line:18 [INFO]通过xpath定位,元素是//input[@placeholder='请输入课程名称']
[2024-04-10 19:44:56,698] base.py->findelement line:18 [INFO]通过xpath定位,元素是//input[@placeholder='请输入课程名称']
[2024-04-10 19:44:56,698] base.py->findelement line:18 [INFO]通过xpath定位,元素是//input[@placeholder='请输入课程名称']
[2024-04-10 19:44:56,750] base.py->findelement line:18 [INFO]通过xpath定位,元素是//span[text()='搜索']/parent::button
[2024-04-10 19:44:56,750] base.py->findelement line:18 [INFO]通过xpath定位,元素是//span[text()='搜索']/parent::button
[2024-04-10 19:44:56,750] base.py->findelement line:18 [INFO]通过xpath定位,元素是//span[text()='搜索']/parent::button
[2024-04-10 19:44:56,780] base.py->findelement line:18 [INFO]通过xpath定位,元素是//span[text()='修改']/parent::button
[2024-04-10 19:44:56,780] base.py->findelement line:18 [INFO]通过xpath定位,元素是//span[text()='修改']/parent::button
[2024-04-10 19:44:56,780] base.py->findelement line:18 [INFO]通过xpath定位,元素是//span[text()='修改']/parent::button
[2024-04-10 19:44:57,220] base.py->findelement line:18 [INFO]通过xpath定位,元素是//textarea[@placeholder='请输入课程介绍']
[2024-04-10 19:44:57,220] base.py->findelement line:18 [INFO]通过xpath定位,元素是//textarea[@placeholder='请输入课程介绍']
[2024-04-10 19:44:57,220] base.py->findelement line:18 [INFO]通过xpath定位,元素是//textarea[@placeholder='请输入课程介绍']
[2024-04-10 19:44:59,249] base.py->findelement line:18 [INFO]通过xpath定位,元素是//div/following-sibling::div/form/descendant::input[@placeholder='请选择课程学科']
[2024-04-10 19:44:59,249] base.py->findelement line:18 [INFO]通过xpath定位,元素是//div/following-sibling::div/form/descendant::input[@placeholder='请选择课程学科']
[2024-04-10 19:44:59,249] base.py->findelement line:18 [INFO]通过xpath定位,元素是//div/following-sibling::div/form/descendant::input[@placeholder='请选择课程学科']
[2024-04-10 19:44:59,261] base.py->findelement line:18 [INFO]通过xpath定位,元素是//div/following-sibling::div/form/div[2]/descendant::input
[2024-04-10 19:44:59,261] base.py->findelement line:18 [INFO]通过xpath定位,元素是//div/following-sibling::div/form/div[2]/descendant::input
[2024-04-10 19:44:59,261] base.py->findelement line:18 [INFO]通过xpath定位,元素是//div/following-sibling::div/form/div[2]/descendant::input
[2024-04-10 19:44:59,270] base.py->findelement line:18 [INFO]通过xpath定位,元素是//input[@placeholder='请选择适应人群']
[2024-04-10 19:44:59,270] base.py->findelement line:18 [INFO]通过xpath定位,元素是//input[@placeholder='请选择适应人群']
[2024-04-10 19:44:59,270] base.py->findelement line:18 [INFO]通过xpath定位,元素是//input[@placeholder='请选择适应人群']
[2024-04-10 19:44:59,279] base.py->findelement line:18 [INFO]通过xpath定位,元素是//input[@placeholder='请输入课程价格']
[2024-04-10 19:44:59,279] base.py->findelement line:18 [INFO]通过xpath定位,元素是//input[@placeholder='请输入课程价格']
[2024-04-10 19:44:59,279] base.py->findelement line:18 [INFO]通过xpath定位,元素是//input[@placeholder='请输入课程价格']
[2024-04-10 19:44:59,289] base.py->findelement line:18 [INFO]通过xpath定位,元素是//textarea[@placeholder='请输入课程介绍']
[2024-04-10 19:44:59,289] base.py->findelement line:18 [INFO]通过xpath定位,元素是//textarea[@placeholder='请输入课程介绍']
[2024-04-10 19:44:59,289] base.py->findelement line:18 [INFO]通过xpath定位,元素是//textarea[@placeholder='请输入课程介绍']
[2024-04-10 19:44:59,296] base.py->findelement line:18 [INFO]通过xpath定位,元素是//span[text()='取 消']/parent::button
[2024-04-10 19:44:59,296] base.py->findelement line:18 [INFO]通过xpath定位,元素是//span[text()='取 消']/parent::button
[2024-04-10 19:44:59,296] base.py->findelement line:18 [INFO]通过xpath定位,元素是//span[text()='取 消']/parent::button
[2024-04-10 19:49:51,686] base.py->findelement line:18 [INFO]通过xpath定位,元素是//input[@placeholder='账号']
[2024-04-10 19:49:51,741] base.py->findelement line:18 [INFO]通过xpath定位,元素是//input[@placeholder='密码']
[2024-04-10 19:49:51,796] base.py->findelement line:18 [INFO]通过xpath定位,元素是//input[@placeholder='验证码']
[2024-04-10 19:49:56,836] base.py->findelement line:18 [INFO]通过xpath定位,元素是//span[text()='登录']/ancestor::button
[2024-04-10 19:49:59,873] base.py->findelement line:18 [INFO]通过xpath定位,元素是//*[@id='app']/div/div[1]/div[3]/div/div[2]
[2024-04-10 19:49:59,887] base.py->findelement line:18 [INFO]通过xpath定位,元素是//a[@href='#/course']
[2024-04-10 19:49:59,887] base.py->findelement line:18 [INFO]通过xpath定位,元素是//a[@href='#/course']
[2024-04-10 19:49:59,947] base.py->findelement line:18 [INFO]通过xpath定位,元素是//span[text()='添加课程']/parent::button
[2024-04-10 19:49:59,947] base.py->findelement line:18 [INFO]通过xpath定位,元素是//span[text()='添加课程']/parent::button
[2024-04-10 19:50:00,516] base.py->findelement line:18 [INFO]通过xpath定位,元素是//div/following-sibling::div/form/descendant::input[@placeholder='请选择课程学科']
[2024-04-10 19:50:00,516] base.py->findelement line:18 [INFO]通过xpath定位,元素是//div/following-sibling::div/form/descendant::input[@placeholder='请选择课程学科']
[2024-04-10 19:50:01,558] base.py->findelement line:18 [INFO]通过xpath定位,元素是//body/div/div/div/ul/li/span[text()='Python']/parent::li
[2024-04-10 19:50:01,558] base.py->findelement line:18 [INFO]通过xpath定位,元素是//body/div/div/div/ul/li/span[text()='Python']/parent::li
[2024-04-10 19:50:01,593] base.py->findelement line:18 [INFO]通过xpath定位,元素是//div/following-sibling::div/form/div[2]/descendant::input
[2024-04-10 19:50:01,593] base.py->findelement line:18 [INFO]通过xpath定位,元素是//div/following-sibling::div/form/div[2]/descendant::input
[2024-04-10 19:50:01,638] base.py->findelement line:18 [INFO]通过xpath定位,元素是//input[@placeholder='请选择适应人群']
[2024-04-10 19:50:01,638] base.py->findelement line:18 [INFO]通过xpath定位,元素是//input[@placeholder='请选择适应人群']
[2024-04-10 19:50:03,673] base.py->findelement line:18 [INFO]通过xpath定位,元素是//body/div/div/div/ul/li/span[text()='小白学员']/parent::li
[2024-04-10 19:50:03,673] base.py->findelement line:18 [INFO]通过xpath定位,元素是//body/div/div/div/ul/li/span[text()='小白学员']/parent::li
[2024-04-10 19:50:03,707] base.py->findelement line:18 [INFO]通过xpath定位,元素是//input[@placeholder='请输入课程价格']
[2024-04-10 19:50:03,707] base.py->findelement line:18 [INFO]通过xpath定位,元素是//input[@placeholder='请输入课程价格']
[2024-04-10 19:50:03,733] base.py->findelement line:18 [INFO]通过xpath定位,元素是//textarea[@placeholder='请输入课程介绍']
[2024-04-10 19:50:03,733] base.py->findelement line:18 [INFO]通过xpath定位,元素是//textarea[@placeholder='请输入课程介绍']
[2024-04-10 19:50:03,784] base.py->findelement line:18 [INFO]通过xpath定位,元素是//span[text()='确 定']/parent::button
[2024-04-10 19:50:03,784] base.py->findelement line:18 [INFO]通过xpath定位,元素是//span[text()='确 定']/parent::button
[2024-04-10 19:50:03,814] base.py->findelement line:18 [INFO]通过xpath定位,元素是//div[@role='alert']/p
[2024-04-10 19:50:03,814] base.py->findelement line:18 [INFO]通过xpath定位,元素是//div[@role='alert']/p
[2024-04-10 19:50:04,101] base.py->findelement line:18 [INFO]通过xpath定位,元素是//a[@href='#/course']
[2024-04-10 19:50:04,101] base.py->findelement line:18 [INFO]通过xpath定位,元素是//a[@href='#/course']
[2024-04-10 19:50:04,101] base.py->findelement line:18 [INFO]通过xpath定位,元素是//a[@href='#/course']
[2024-04-10 19:50:04,337] base.py->findelement line:18 [INFO]通过xpath定位,元素是//input[@placeholder='请输入课程名称']
[2024-04-10 19:50:04,337] base.py->findelement line:18 [INFO]通过xpath定位,元素是//input[@placeholder='请输入课程名称']
[2024-04-10 19:50:04,337] base.py->findelement line:18 [INFO]通过xpath定位,元素是//input[@placeholder='请输入课程名称']
[2024-04-10 19:50:04,389] base.py->findelement line:18 [INFO]通过xpath定位,元素是//span[text()='搜索']/parent::button
[2024-04-10 19:50:04,389] base.py->findelement line:18 [INFO]通过xpath定位,元素是//span[text()='搜索']/parent::button
[2024-04-10 19:50:04,389] base.py->findelement line:18 [INFO]通过xpath定位,元素是//span[text()='搜索']/parent::button
[2024-04-10 19:50:04,426] base.py->findelement line:18 [INFO]通过xpath定位,元素是//span[text()='修改']/parent::button
[2024-04-10 19:50:04,426] base.py->findelement line:18 [INFO]通过xpath定位,元素是//span[text()='修改']/parent::button
[2024-04-10 19:50:04,426] base.py->findelement line:18 [INFO]通过xpath定位,元素是//span[text()='修改']/parent::button
[2024-04-10 19:50:04,861] base.py->findelement line:18 [INFO]通过xpath定位,元素是//textarea[@placeholder='请输入课程介绍']
[2024-04-10 19:50:04,861] base.py->findelement line:18 [INFO]通过xpath定位,元素是//textarea[@placeholder='请输入课程介绍']
[2024-04-10 19:50:04,861] base.py->findelement line:18 [INFO]通过xpath定位,元素是//textarea[@placeholder='请输入课程介绍']
[2024-04-10 19:50:06,891] base.py->findelement line:18 [INFO]通过xpath定位,元素是//div/following-sibling::div/form/descendant::input[@placeholder='请选择课程学科']
[2024-04-10 19:50:06,891] base.py->findelement line:18 [INFO]通过xpath定位,元素是//div/following-sibling::div/form/descendant::input[@placeholder='请选择课程学科']
[2024-04-10 19:50:06,891] base.py->findelement line:18 [INFO]通过xpath定位,元素是//div/following-sibling::div/form/descendant::input[@placeholder='请选择课程学科']
[2024-04-10 19:50:06,902] base.py->findelement line:18 [INFO]通过xpath定位,元素是//div/following-sibling::div/form/div[2]/descendant::input
[2024-04-10 19:50:06,902] base.py->findelement line:18 [INFO]通过xpath定位,元素是//div/following-sibling::div/form/div[2]/descendant::input
[2024-04-10 19:50:06,902] base.py->findelement line:18 [INFO]通过xpath定位,元素是//div/following-sibling::div/form/div[2]/descendant::input
[2024-04-10 19:50:06,911] base.py->findelement line:18 [INFO]通过xpath定位,元素是//input[@placeholder='请选择适应人群']
[2024-04-10 19:50:06,911] base.py->findelement line:18 [INFO]通过xpath定位,元素是//input[@placeholder='请选择适应人群']
[2024-04-10 19:50:06,911] base.py->findelement line:18 [INFO]通过xpath定位,元素是//input[@placeholder='请选择适应人群']
[2024-04-10 19:50:06,920] base.py->findelement line:18 [INFO]通过xpath定位,元素是//input[@placeholder='请输入课程价格']
[2024-04-10 19:50:06,920] base.py->findelement line:18 [INFO]通过xpath定位,元素是//input[@placeholder='请输入课程价格']
[2024-04-10 19:50:06,920] base.py->findelement line:18 [INFO]通过xpath定位,元素是//input[@placeholder='请输入课程价格']
[2024-04-10 19:50:06,929] base.py->findelement line:18 [INFO]通过xpath定位,元素是//textarea[@placeholder='请输入课程介绍']
[2024-04-10 19:50:06,929] base.py->findelement line:18 [INFO]通过xpath定位,元素是//textarea[@placeholder='请输入课程介绍']
[2024-04-10 19:50:06,929] base.py->findelement line:18 [INFO]通过xpath定位,元素是//textarea[@placeholder='请输入课程介绍']
[2024-04-10 19:50:06,937] base.py->findelement line:18 [INFO]通过xpath定位,元素是//span[text()='取 消']/parent::button
[2024-04-10 19:50:06,937] base.py->findelement line:18 [INFO]通过xpath定位,元素是//span[text()='取 消']/parent::button
[2024-04-10 19:50:06,937] base.py->findelement line:18 [INFO]通过xpath定位,元素是//span[text()='取 消']/parent::button
[2024-04-10 19:56:10,082] base.py->findelement line:18 [INFO]通过xpath定位,元素是//input[@placeholder='账号']
[2024-04-10 19:56:10,136] base.py->findelement line:18 [INFO]通过xpath定位,元素是//input[@placeholder='密码']
[2024-04-10 19:56:10,187] base.py->findelement line:18 [INFO]通过xpath定位,元素是//input[@placeholder='验证码']
[2024-04-10 19:56:15,225] base.py->findelement line:18 [INFO]通过xpath定位,元素是//span[text()='登录']/ancestor::button
[2024-04-10 19:56:18,263] base.py->findelement line:18 [INFO]通过xpath定位,元素是//*[@id='app']/div/div[1]/div[3]/div/div[2]
[2024-04-10 19:56:33,746] base.py->findelement line:18 [INFO]通过xpath定位,元素是//a[@href='#/course']
[2024-04-10 19:56:33,746] base.py->findelement line:18 [INFO]通过xpath定位,元素是//a[@href='#/course']
[2024-04-10 19:56:33,807] base.py->findelement line:18 [INFO]通过xpath定位,元素是//span[text()='添加课程']/parent::button
[2024-04-10 19:56:33,807] base.py->findelement line:18 [INFO]通过xpath定位,元素是//span[text()='添加课程']/parent::button
[2024-04-10 19:56:34,390] base.py->findelement line:18 [INFO]通过xpath定位,元素是//div/following-sibling::div/form/descendant::input[@placeholder='请选择课程学科']
[2024-04-10 19:56:34,390] base.py->findelement line:18 [INFO]通过xpath定位,元素是//div/following-sibling::div/form/descendant::input[@placeholder='请选择课程学科']
[2024-04-10 19:56:35,431] base.py->findelement line:18 [INFO]通过xpath定位,元素是//body/div/div/div/ul/li/span[text()='Python']/parent::li
[2024-04-10 19:56:35,431] base.py->findelement line:18 [INFO]通过xpath定位,元素是//body/div/div/div/ul/li/span[text()='Python']/parent::li
[2024-04-10 19:56:35,467] base.py->findelement line:18 [INFO]通过xpath定位,元素是//div/following-sibling::div/form/div[2]/descendant::input
[2024-04-10 19:56:35,467] base.py->findelement line:18 [INFO]通过xpath定位,元素是//div/following-sibling::div/form/div[2]/descendant::input
[2024-04-10 19:56:35,511] base.py->findelement line:18 [INFO]通过xpath定位,元素是//input[@placeholder='请选择适应人群']
[2024-04-10 19:56:35,511] base.py->findelement line:18 [INFO]通过xpath定位,元素是//input[@placeholder='请选择适应人群']
[2024-04-10 19:56:37,552] base.py->findelement line:18 [INFO]通过xpath定位,元素是//body/div/div/div/ul/li/span[text()='小白学员']/parent::li
[2024-04-10 19:56:37,552] base.py->findelement line:18 [INFO]通过xpath定位,元素是//body/div/div/div/ul/li/span[text()='小白学员']/parent::li
[2024-04-10 19:56:37,586] base.py->findelement line:18 [INFO]通过xpath定位,元素是//input[@placeholder='请输入课程价格']
[2024-04-10 19:56:37,586] base.py->findelement line:18 [INFO]通过xpath定位,元素是//input[@placeholder='请输入课程价格']
[2024-04-10 19:56:37,624] base.py->findelement line:18 [INFO]通过xpath定位,元素是//textarea[@placeholder='请输入课程介绍']
[2024-04-10 19:56:37,624] base.py->findelement line:18 [INFO]通过xpath定位,元素是//textarea[@placeholder='请输入课程介绍']
[2024-04-10 19:56:37,660] base.py->findelement line:18 [INFO]通过xpath定位,元素是//span[text()='确 定']/parent::button
[2024-04-10 19:56:37,660] base.py->findelement line:18 [INFO]通过xpath定位,元素是//span[text()='确 定']/parent::button
[2024-04-10 19:56:38,705] base.py->findelement line:18 [INFO]通过xpath定位,元素是//div[@role='alert']/p
[2024-04-10 19:56:38,705] base.py->findelement line:18 [INFO]通过xpath定位,元素是//div[@role='alert']/p
[2024-04-10 19:56:38,720] base.py->findelement line:18 [INFO]通过xpath定位,元素是//a[@href='#/course']
[2024-04-10 19:56:38,720] base.py->findelement line:18 [INFO]通过xpath定位,元素是//a[@href='#/course']
[2024-04-10 19:56:38,720] base.py->findelement line:18 [INFO]通过xpath定位,元素是//a[@href='#/course']
[2024-04-10 19:56:38,746] base.py->findelement line:18 [INFO]通过xpath定位,元素是//input[@placeholder='请输入课程名称']
[2024-04-10 19:56:38,746] base.py->findelement line:18 [INFO]通过xpath定位,元素是//input[@placeholder='请输入课程名称']
[2024-04-10 19:56:38,746] base.py->findelement line:18 [INFO]通过xpath定位,元素是//input[@placeholder='请输入课程名称']
[2024-04-10 19:56:38,803] base.py->findelement line:18 [INFO]通过xpath定位,元素是//span[text()='搜索']/parent::button
[2024-04-10 19:56:38,803] base.py->findelement line:18 [INFO]通过xpath定位,元素是//span[text()='搜索']/parent::button
[2024-04-10 19:56:38,803] base.py->findelement line:18 [INFO]通过xpath定位,元素是//span[text()='搜索']/parent::button
[2024-04-10 19:56:38,836] base.py->findelement line:18 [INFO]通过xpath定位,元素是//span[text()='修改']/parent::button
[2024-04-10 19:56:38,836] base.py->findelement line:18 [INFO]通过xpath定位,元素是//span[text()='修改']/parent::button
[2024-04-10 19:56:38,836] base.py->findelement line:18 [INFO]通过xpath定位,元素是//span[text()='修改']/parent::button
[2024-04-10 19:56:39,484] base.py->findelement line:18 [INFO]通过xpath定位,元素是//textarea[@placeholder='请输入课程介绍']
[2024-04-10 19:56:39,484] base.py->findelement line:18 [INFO]通过xpath定位,元素是//textarea[@placeholder='请输入课程介绍']
[2024-04-10 19:56:39,484] base.py->findelement line:18 [INFO]通过xpath定位,元素是//textarea[@placeholder='请输入课程介绍']
[2024-04-10 19:56:41,514] base.py->findelement line:18 [INFO]通过xpath定位,元素是//div/following-sibling::div/form/descendant::input[@placeholder='请选择课程学科']
[2024-04-10 19:56:41,514] base.py->findelement line:18 [INFO]通过xpath定位,元素是//div/following-sibling::div/form/descendant::input[@placeholder='请选择课程学科']
[2024-04-10 19:56:41,514] base.py->findelement line:18 [INFO]通过xpath定位,元素是//div/following-sibling::div/form/descendant::input[@placeholder='请选择课程学科']
[2024-04-10 19:56:41,525] base.py->findelement line:18 [INFO]通过xpath定位,元素是//div/following-sibling::div/form/div[2]/descendant::input
[2024-04-10 19:56:41,525] base.py->findelement line:18 [INFO]通过xpath定位,元素是//div/following-sibling::div/form/div[2]/descendant::input
[2024-04-10 19:56:41,525] base.py->findelement line:18 [INFO]通过xpath定位,元素是//div/following-sibling::div/form/div[2]/descendant::input
[2024-04-10 19:56:41,534] base.py->findelement line:18 [INFO]通过xpath定位,元素是//input[@placeholder='请选择适应人群']
[2024-04-10 19:56:41,534] base.py->findelement line:18 [INFO]通过xpath定位,元素是//input[@placeholder='请选择适应人群']
[2024-04-10 19:56:41,534] base.py->findelement line:18 [INFO]通过xpath定位,元素是//input[@placeholder='请选择适应人群']
[2024-04-10 19:56:41,544] base.py->findelement line:18 [INFO]通过xpath定位,元素是//input[@placeholder='请输入课程价格']
[2024-04-10 19:56:41,544] base.py->findelement line:18 [INFO]通过xpath定位,元素是//input[@placeholder='请输入课程价格']
[2024-04-10 19:56:41,544] base.py->findelement line:18 [INFO]通过xpath定位,元素是//input[@placeholder='请输入课程价格']
[2024-04-10 19:56:41,551] base.py->findelement line:18 [INFO]通过xpath定位,元素是//textarea[@placeholder='请输入课程介绍']
[2024-04-10 19:56:41,551] base.py->findelement line:18 [INFO]通过xpath定位,元素是//textarea[@placeholder='请输入课程介绍']
[2024-04-10 19:56:41,551] base.py->findelement line:18 [INFO]通过xpath定位,元素是//textarea[@placeholder='请输入课程介绍']
[2024-04-10 19:56:41,560] base.py->findelement line:18 [INFO]通过xpath定位,元素是//span[text()='取 消']/parent::button
[2024-04-10 19:56:41,560] base.py->findelement line:18 [INFO]通过xpath定位,元素是//span[text()='取 消']/parent::button
[2024-04-10 19:56:41,560] base.py->findelement line:18 [INFO]通过xpath定位,元素是//span[text()='取 消']/parent::button
[2024-04-10 19:57:33,306] base.py->findelement line:18 [INFO]通过xpath定位,元素是//input[@placeholder='账号']
[2024-04-10 19:57:33,359] base.py->findelement line:18 [INFO]通过xpath定位,元素是//input[@placeholder='密码']
[2024-04-10 19:57:33,410] base.py->findelement line:18 [INFO]通过xpath定位,元素是//input[@placeholder='验证码']
[2024-04-10 19:57:38,446] base.py->findelement line:18 [INFO]通过xpath定位,元素是//span[text()='登录']/ancestor::button
[2024-04-10 19:57:41,483] base.py->findelement line:18 [INFO]通过xpath定位,元素是//*[@id='app']/div/div[1]/div[3]/div/div[2]
[2024-04-10 19:58:02,543] base.py->findelement line:22 [ERROR]定位元素失败！
[2024-04-10 19:58:53,366] base.py->findelement line:18 [INFO]通过xpath定位,元素是//input[@placeholder='账号']
[2024-04-10 19:58:53,418] base.py->findelement line:18 [INFO]通过xpath定位,元素是//input[@placeholder='密码']
[2024-04-10 19:58:53,468] base.py->findelement line:18 [INFO]通过xpath定位,元素是//input[@placeholder='验证码']
[2024-04-10 19:58:58,509] base.py->findelement line:18 [INFO]通过xpath定位,元素是//span[text()='登录']/ancestor::button
[2024-04-10 19:59:01,545] base.py->findelement line:18 [INFO]通过xpath定位,元素是//*[@id='app']/div/div[1]/div[3]/div/div[2]
[2024-04-10 19:59:05,103] base.py->findelement line:18 [INFO]通过xpath定位,元素是//a[@href='#/course']
[2024-04-10 19:59:05,103] base.py->findelement line:18 [INFO]通过xpath定位,元素是//a[@href='#/course']
[2024-04-10 19:59:05,162] base.py->findelement line:18 [INFO]通过xpath定位,元素是//span[text()='添加课程']/parent::button
[2024-04-10 19:59:05,162] base.py->findelement line:18 [INFO]通过xpath定位,元素是//span[text()='添加课程']/parent::button
[2024-04-10 19:59:05,771] base.py->findelement line:18 [INFO]通过xpath定位,元素是//div/following-sibling::div/form/descendant::input[@placeholder='请选择课程学科']
[2024-04-10 19:59:05,771] base.py->findelement line:18 [INFO]通过xpath定位,元素是//div/following-sibling::div/form/descendant::input[@placeholder='请选择课程学科']
[2024-04-10 19:59:06,860] base.py->findelement line:18 [INFO]通过xpath定位,元素是//body/div/div/div/ul/li/span[text()='Python']/parent::li
[2024-04-10 19:59:06,860] base.py->findelement line:18 [INFO]通过xpath定位,元素是//body/div/div/div/ul/li/span[text()='Python']/parent::li
[2024-04-10 19:59:07,019] base.py->findelement line:18 [INFO]通过xpath定位,元素是//div/following-sibling::div/form/div[2]/descendant::input
[2024-04-10 19:59:07,019] base.py->findelement line:18 [INFO]通过xpath定位,元素是//div/following-sibling::div/form/div[2]/descendant::input
[2024-04-10 19:59:07,063] base.py->findelement line:18 [INFO]通过xpath定位,元素是//input[@placeholder='请选择适应人群']
[2024-04-10 19:59:07,063] base.py->findelement line:18 [INFO]通过xpath定位,元素是//input[@placeholder='请选择适应人群']
[2024-04-10 19:59:09,101] base.py->findelement line:18 [INFO]通过xpath定位,元素是//body/div/div/div/ul/li/span[text()='小白学员']/parent::li
[2024-04-10 19:59:09,101] base.py->findelement line:18 [INFO]通过xpath定位,元素是//body/div/div/div/ul/li/span[text()='小白学员']/parent::li
[2024-04-10 19:59:09,135] base.py->findelement line:18 [INFO]通过xpath定位,元素是//input[@placeholder='请输入课程价格']
[2024-04-10 19:59:09,135] base.py->findelement line:18 [INFO]通过xpath定位,元素是//input[@placeholder='请输入课程价格']
[2024-04-10 19:59:09,172] base.py->findelement line:18 [INFO]通过xpath定位,元素是//textarea[@placeholder='请输入课程介绍']
[2024-04-10 19:59:09,172] base.py->findelement line:18 [INFO]通过xpath定位,元素是//textarea[@placeholder='请输入课程介绍']
[2024-04-10 19:59:09,215] base.py->findelement line:18 [INFO]通过xpath定位,元素是//span[text()='确 定']/parent::button
[2024-04-10 19:59:09,215] base.py->findelement line:18 [INFO]通过xpath定位,元素是//span[text()='确 定']/parent::button
[2024-04-10 19:59:10,253] base.py->findelement line:18 [INFO]通过xpath定位,元素是//div[@role='alert']/p
[2024-04-10 19:59:10,253] base.py->findelement line:18 [INFO]通过xpath定位,元素是//div[@role='alert']/p
[2024-04-10 19:59:10,269] base.py->findelement line:18 [INFO]通过xpath定位,元素是//a[@href='#/course']
[2024-04-10 19:59:10,269] base.py->findelement line:18 [INFO]通过xpath定位,元素是//a[@href='#/course']
[2024-04-10 19:59:10,269] base.py->findelement line:18 [INFO]通过xpath定位,元素是//a[@href='#/course']
[2024-04-10 19:59:10,295] base.py->findelement line:18 [INFO]通过xpath定位,元素是//input[@placeholder='请输入课程名称']
[2024-04-10 19:59:10,295] base.py->findelement line:18 [INFO]通过xpath定位,元素是//input[@placeholder='请输入课程名称']
[2024-04-10 19:59:10,295] base.py->findelement line:18 [INFO]通过xpath定位,元素是//input[@placeholder='请输入课程名称']
[2024-04-10 19:59:10,350] base.py->findelement line:18 [INFO]通过xpath定位,元素是//span[text()='搜索']/parent::button
[2024-04-10 19:59:10,350] base.py->findelement line:18 [INFO]通过xpath定位,元素是//span[text()='搜索']/parent::button
[2024-04-10 19:59:10,350] base.py->findelement line:18 [INFO]通过xpath定位,元素是//span[text()='搜索']/parent::button
[2024-04-10 19:59:10,381] base.py->findelement line:18 [INFO]通过xpath定位,元素是//span[text()='修改']/parent::button
[2024-04-10 19:59:10,381] base.py->findelement line:18 [INFO]通过xpath定位,元素是//span[text()='修改']/parent::button
[2024-04-10 19:59:10,381] base.py->findelement line:18 [INFO]通过xpath定位,元素是//span[text()='修改']/parent::button
[2024-04-10 19:59:10,889] base.py->findelement line:18 [INFO]通过xpath定位,元素是//textarea[@placeholder='请输入课程介绍']
[2024-04-10 19:59:10,889] base.py->findelement line:18 [INFO]通过xpath定位,元素是//textarea[@placeholder='请输入课程介绍']
[2024-04-10 19:59:10,889] base.py->findelement line:18 [INFO]通过xpath定位,元素是//textarea[@placeholder='请输入课程介绍']
[2024-04-10 19:59:12,919] base.py->findelement line:18 [INFO]通过xpath定位,元素是//div/following-sibling::div/form/descendant::input[@placeholder='请选择课程学科']
[2024-04-10 19:59:12,919] base.py->findelement line:18 [INFO]通过xpath定位,元素是//div/following-sibling::div/form/descendant::input[@placeholder='请选择课程学科']
[2024-04-10 19:59:12,919] base.py->findelement line:18 [INFO]通过xpath定位,元素是//div/following-sibling::div/form/descendant::input[@placeholder='请选择课程学科']
[2024-04-10 19:59:12,930] base.py->findelement line:18 [INFO]通过xpath定位,元素是//div/following-sibling::div/form/div[2]/descendant::input
[2024-04-10 19:59:12,930] base.py->findelement line:18 [INFO]通过xpath定位,元素是//div/following-sibling::div/form/div[2]/descendant::input
[2024-04-10 19:59:12,930] base.py->findelement line:18 [INFO]通过xpath定位,元素是//div/following-sibling::div/form/div[2]/descendant::input
[2024-04-10 19:59:12,939] base.py->findelement line:18 [INFO]通过xpath定位,元素是//input[@placeholder='请选择适应人群']
[2024-04-10 19:59:12,939] base.py->findelement line:18 [INFO]通过xpath定位,元素是//input[@placeholder='请选择适应人群']
[2024-04-10 19:59:12,939] base.py->findelement line:18 [INFO]通过xpath定位,元素是//input[@placeholder='请选择适应人群']
[2024-04-10 19:59:12,948] base.py->findelement line:18 [INFO]通过xpath定位,元素是//input[@placeholder='请输入课程价格']
[2024-04-10 19:59:12,948] base.py->findelement line:18 [INFO]通过xpath定位,元素是//input[@placeholder='请输入课程价格']
[2024-04-10 19:59:12,948] base.py->findelement line:18 [INFO]通过xpath定位,元素是//input[@placeholder='请输入课程价格']
[2024-04-10 19:59:12,957] base.py->findelement line:18 [INFO]通过xpath定位,元素是//textarea[@placeholder='请输入课程介绍']
[2024-04-10 19:59:12,957] base.py->findelement line:18 [INFO]通过xpath定位,元素是//textarea[@placeholder='请输入课程介绍']
[2024-04-10 19:59:12,957] base.py->findelement line:18 [INFO]通过xpath定位,元素是//textarea[@placeholder='请输入课程介绍']
[2024-04-10 19:59:12,965] base.py->findelement line:18 [INFO]通过xpath定位,元素是//span[text()='取 消']/parent::button
[2024-04-10 19:59:12,965] base.py->findelement line:18 [INFO]通过xpath定位,元素是//span[text()='取 消']/parent::button
[2024-04-10 19:59:12,965] base.py->findelement line:18 [INFO]通过xpath定位,元素是//span[text()='取 消']/parent::button
