[2024-04-12 15:34:40,383] base.py->findelement line:18 [INFO]通过xpath定位,元素是//input[@placeholder='账号']
[2024-04-12 15:34:40,471] base.py->findelement line:18 [INFO]通过xpath定位,元素是//input[@placeholder='密码']
[2024-04-12 15:34:40,560] base.py->findelement line:18 [INFO]通过xpath定位,元素是//input[@placeholder='验证码']
[2024-04-12 15:34:45,610] base.py->findelement line:18 [INFO]通过xpath定位,元素是//span[text()='登录']/ancestor::button
[2024-04-12 15:34:48,664] base.py->findelement line:18 [INFO]通过xpath定位,元素是//*[@id='app']/div/div[1]/div[3]/div/div[2]
[2024-04-12 15:34:48,695] base.py->findelement line:18 [INFO]通过xpath定位,元素是//a[@href='#/course']
[2024-04-12 15:34:48,695] base.py->findelement line:18 [INFO]通过xpath定位,元素是//a[@href='#/course']
[2024-04-12 15:34:48,780] base.py->findelement line:18 [INFO]通过xpath定位,元素是//input[@placeholder='请输入课程名称']
[2024-04-12 15:34:48,780] base.py->findelement line:18 [INFO]通过xpath定位,元素是//input[@placeholder='请输入课程名称']
[2024-04-12 15:34:49,411] base.py->findelement line:18 [INFO]通过xpath定位,元素是//span[text()='搜索']/parent::button
[2024-04-12 15:34:49,411] base.py->findelement line:18 [INFO]通过xpath定位,元素是//span[text()='搜索']/parent::button
[2024-04-12 15:34:49,459] base.py->findelement line:18 [INFO]通过xpath定位,元素是//span[text()='修改']/parent::button
[2024-04-12 15:34:49,459] base.py->findelement line:18 [INFO]通过xpath定位,元素是//span[text()='修改']/parent::button
[2024-04-12 15:34:49,769] base.py->findelement line:18 [INFO]通过xpath定位,元素是//textarea[@placeholder='请输入课程介绍']
[2024-04-12 15:34:49,769] base.py->findelement line:18 [INFO]通过xpath定位,元素是//textarea[@placeholder='请输入课程介绍']
[2024-04-12 15:34:51,851] base.py->findelement line:18 [INFO]通过xpath定位,元素是//div/following-sibling::div/form/descendant::input[@placeholder='请选择课程学科']
[2024-04-12 15:34:51,851] base.py->findelement line:18 [INFO]通过xpath定位,元素是//div/following-sibling::div/form/descendant::input[@placeholder='请选择课程学科']
[2024-04-12 15:34:51,866] base.py->findelement line:18 [INFO]通过xpath定位,元素是//div/following-sibling::div/form/div[2]/descendant::input
[2024-04-12 15:34:51,866] base.py->findelement line:18 [INFO]通过xpath定位,元素是//div/following-sibling::div/form/div[2]/descendant::input
[2024-04-12 15:34:51,882] base.py->findelement line:18 [INFO]通过xpath定位,元素是//input[@placeholder='请选择适应人群']
[2024-04-12 15:34:51,882] base.py->findelement line:18 [INFO]通过xpath定位,元素是//input[@placeholder='请选择适应人群']
[2024-04-12 15:34:51,897] base.py->findelement line:18 [INFO]通过xpath定位,元素是//input[@placeholder='请输入课程价格']
[2024-04-12 15:34:51,897] base.py->findelement line:18 [INFO]通过xpath定位,元素是//input[@placeholder='请输入课程价格']
[2024-04-12 15:34:51,913] base.py->findelement line:18 [INFO]通过xpath定位,元素是//textarea[@placeholder='请输入课程介绍']
[2024-04-12 15:34:51,913] base.py->findelement line:18 [INFO]通过xpath定位,元素是//textarea[@placeholder='请输入课程介绍']
[2024-04-12 15:34:51,929] base.py->findelement line:18 [INFO]通过xpath定位,元素是//span[text()='取 消']/parent::button
[2024-04-12 15:34:51,929] base.py->findelement line:18 [INFO]通过xpath定位,元素是//span[text()='取 消']/parent::button
[2024-04-12 15:34:52,188] base.py->findelement line:18 [INFO]通过xpath定位,元素是//a[@href='#/course']
[2024-04-12 15:34:52,188] base.py->findelement line:18 [INFO]通过xpath定位,元素是//a[@href='#/course']
[2024-04-12 15:34:52,188] base.py->findelement line:18 [INFO]通过xpath定位,元素是//a[@href='#/course']
[2024-04-12 15:34:52,322] base.py->findelement line:18 [INFO]通过xpath定位,元素是//span[text()='添加课程']/parent::button
[2024-04-12 15:34:52,322] base.py->findelement line:18 [INFO]通过xpath定位,元素是//span[text()='添加课程']/parent::button
[2024-04-12 15:34:52,322] base.py->findelement line:18 [INFO]通过xpath定位,元素是//span[text()='添加课程']/parent::button
[2024-04-12 15:34:52,380] base.py->findelement line:18 [INFO]通过xpath定位,元素是//div/following-sibling::div/form/descendant::input[@placeholder='请选择课程学科']
[2024-04-12 15:34:52,380] base.py->findelement line:18 [INFO]通过xpath定位,元素是//div/following-sibling::div/form/descendant::input[@placeholder='请选择课程学科']
[2024-04-12 15:34:52,380] base.py->findelement line:18 [INFO]通过xpath定位,元素是//div/following-sibling::div/form/descendant::input[@placeholder='请选择课程学科']
[2024-04-12 15:34:53,439] base.py->findelement line:18 [INFO]通过xpath定位,元素是//body/div/div/div/ul/li/span[text()='Python']/parent::li
[2024-04-12 15:34:53,439] base.py->findelement line:18 [INFO]通过xpath定位,元素是//body/div/div/div/ul/li/span[text()='Python']/parent::li
[2024-04-12 15:34:53,439] base.py->findelement line:18 [INFO]通过xpath定位,元素是//body/div/div/div/ul/li/span[text()='Python']/parent::li
[2024-04-12 15:34:53,482] base.py->findelement line:18 [INFO]通过xpath定位,元素是//div/following-sibling::div/form/div[2]/descendant::input
[2024-04-12 15:34:53,482] base.py->findelement line:18 [INFO]通过xpath定位,元素是//div/following-sibling::div/form/div[2]/descendant::input
[2024-04-12 15:34:53,482] base.py->findelement line:18 [INFO]通过xpath定位,元素是//div/following-sibling::div/form/div[2]/descendant::input
[2024-04-12 15:34:53,575] base.py->findelement line:18 [INFO]通过xpath定位,元素是//input[@placeholder='请选择适应人群']
[2024-04-12 15:34:53,575] base.py->findelement line:18 [INFO]通过xpath定位,元素是//input[@placeholder='请选择适应人群']
[2024-04-12 15:34:53,575] base.py->findelement line:18 [INFO]通过xpath定位,元素是//input[@placeholder='请选择适应人群']
[2024-04-12 15:34:55,639] base.py->findelement line:18 [INFO]通过xpath定位,元素是//body/div/div/div/ul/li/span[text()='小白学员']/parent::li
[2024-04-12 15:34:55,639] base.py->findelement line:18 [INFO]通过xpath定位,元素是//body/div/div/div/ul/li/span[text()='小白学员']/parent::li
[2024-04-12 15:34:55,639] base.py->findelement line:18 [INFO]通过xpath定位,元素是//body/div/div/div/ul/li/span[text()='小白学员']/parent::li
[2024-04-12 15:34:55,713] base.py->findelement line:18 [INFO]通过xpath定位,元素是//input[@placeholder='请输入课程价格']
[2024-04-12 15:34:55,713] base.py->findelement line:18 [INFO]通过xpath定位,元素是//input[@placeholder='请输入课程价格']
[2024-04-12 15:34:55,713] base.py->findelement line:18 [INFO]通过xpath定位,元素是//input[@placeholder='请输入课程价格']
[2024-04-12 15:34:55,764] base.py->findelement line:18 [INFO]通过xpath定位,元素是//textarea[@placeholder='请输入课程介绍']
[2024-04-12 15:34:55,764] base.py->findelement line:18 [INFO]通过xpath定位,元素是//textarea[@placeholder='请输入课程介绍']
[2024-04-12 15:34:55,764] base.py->findelement line:18 [INFO]通过xpath定位,元素是//textarea[@placeholder='请输入课程介绍']
[2024-04-12 15:34:55,826] base.py->findelement line:18 [INFO]通过xpath定位,元素是//span[text()='确 定']/parent::button
[2024-04-12 15:34:55,826] base.py->findelement line:18 [INFO]通过xpath定位,元素是//span[text()='确 定']/parent::button
[2024-04-12 15:34:55,826] base.py->findelement line:18 [INFO]通过xpath定位,元素是//span[text()='确 定']/parent::button
